1502420474859	geckodriver	INFO	Listening on 127.0.0.1:53767
1502420476951	geckodriver::marionette	INFO	Starting browser C:\Program Files\Mozilla Firefox\firefox.exe with args ["-marionette"]
1502420481771	Marionette	INFO	Listening on port 53773
1502420482304	Marionette	WARN	TLS certificate errors will be ignored for this session
JavaScript warning: https://www.google.com.mx/maps/search/Business%20name%20Branch%20Address%20State, line 2631: Error: WebGL warning: texSubImage2D: Texture has not been initialized prior to a partial upload, forcing the browser to clear it. This may be slow.
JavaScript warning: https://www.google.com.mx/maps/search/Business%20name%20Branch%20Address%20State, line 2631: Error: WebGL warning: texSubImage2D: This operation requires zeroing texture data. This is slow.
JavaScript warning: https://www.google.com.mx/maps/search/Business%20name%20Branch%20Address%20State, line 2631: Error: WebGL warning: texSubImage2D: Texture has not been initialized prior to a partial upload, forcing the browser to clear it. This may be slow.
JavaScript warning: https://www.google.com.mx/maps/search/Business%20name%20Branch%20Address%20State, line 2631: Error: WebGL warning: texSubImage2D: This operation requires zeroing texture data. This is slow.
JavaScript warning: https://www.google.com.mx/maps/search/Business%20name%20Branch%20Address%20State, line 2631: Error: WebGL warning: texSubImage2D: Texture has not been initialized prior to a partial upload, forcing the browser to clear it. This may be slow.
JavaScript warning: https://www.google.com.mx/maps/search/Business%20name%20Branch%20Address%20State, line 2631: Error: WebGL warning: texSubImage2D: This operation requires zeroing texture data. This is slow.
JavaScript warning: https://www.google.com.mx/maps/search/Business%20name%20Branch%20Address%20State, line 2631: Error: WebGL warning: texSubImage2D: Texture has not been initialized prior to a partial upload, forcing the browser to clear it. This may be slow.
JavaScript warning: https://www.google.com.mx/maps/search/Business%20name%20Branch%20Address%20State, line 2631: Error: WebGL warning: texSubImage2D: This operation requires zeroing texture data. This is slow.
JavaScript warning: https://www.google.com.mx/maps/search/Business%20name%20Branch%20Address%20State, line 2631: Error: WebGL warning: texSubImage2D: Texture has not been initialized prior to a partial upload, forcing the browser to clear it. This may be slow.
JavaScript warning: https://www.google.com.mx/maps/search/Business%20name%20Branch%20Address%20State, line 2631: Error: WebGL warning: texSubImage2D: This operation requires zeroing texture data. This is slow.
JavaScript warning: https://www.google.com.mx/maps/search/Business%20name%20Branch%20Address%20State, line 2631: Error: WebGL warning: texSubImage2D: Texture has not been initialized prior to a partial upload, forcing the browser to clear it. This may be slow.
JavaScript warning: https://www.google.com.mx/maps/search/Business%20name%20Branch%20Address%20State, line 2631: Error: WebGL warning: texSubImage2D: This operation requires zeroing texture data. This is slow.
1502420491403	Marionette	INFO	New connections will no longer be accepted
1502420492031	geckodriver	INFO	Listening on 127.0.0.1:53808
1502420494092	geckodriver::marionette	INFO	Starting browser C:\Program Files\Mozilla Firefox\firefox.exe with args ["-marionette"]
1502420498724	Marionette	INFO	Listening on port 53814
1502420499360	Marionette	WARN	TLS certificate errors will be ignored for this session
JavaScript warning: https://www.google.com.mx/maps/search/Branch%20Address%20State, line 2631: Error: WebGL warning: texSubImage2D: Texture has not been initialized prior to a partial upload, forcing the browser to clear it. This may be slow.
JavaScript warning: https://www.google.com.mx/maps/search/Branch%20Address%20State, line 2631: Error: WebGL warning: texSubImage2D: This operation requires zeroing texture data. This is slow.
JavaScript warning: https://www.google.com.mx/maps/search/Branch%20Address%20State, line 2631: Error: WebGL warning: texSubImage2D: Texture has not been initialized prior to a partial upload, forcing the browser to clear it. This may be slow.
JavaScript warning: https://www.google.com.mx/maps/search/Branch%20Address%20State, line 2631: Error: WebGL warning: texSubImage2D: This operation requires zeroing texture data. This is slow.
JavaScript warning: https://www.google.com.mx/maps/search/Branch%20Address%20State, line 2631: Error: WebGL warning: texSubImage2D: Texture has not been initialized prior to a partial upload, forcing the browser to clear it. This may be slow.
JavaScript warning: https://www.google.com.mx/maps/search/Branch%20Address%20State, line 2631: Error: WebGL warning: texSubImage2D: This operation requires zeroing texture data. This is slow.
JavaScript warning: https://www.google.com.mx/maps/search/Branch%20Address%20State, line 2631: Error: WebGL warning: texSubImage2D: Texture has not been initialized prior to a partial upload, forcing the browser to clear it. This may be slow.
JavaScript warning: https://www.google.com.mx/maps/search/Branch%20Address%20State, line 2631: Error: WebGL warning: texSubImage2D: This operation requires zeroing texture data. This is slow.
JavaScript warning: https://www.google.com.mx/maps/search/Branch%20Address%20State, line 2631: Error: WebGL warning: texSubImage2D: Texture has not been initialized prior to a partial upload, forcing the browser to clear it. This may be slow.
JavaScript warning: https://www.google.com.mx/maps/search/Branch%20Address%20State, line 2631: Error: WebGL warning: texSubImage2D: This operation requires zeroing texture data. This is slow.
JavaScript warning: https://www.google.com.mx/maps/search/Branch%20Address%20State, line 2631: Error: WebGL warning: texSubImage2D: Texture has not been initialized prior to a partial upload, forcing the browser to clear it. This may be slow.
JavaScript warning: https://www.google.com.mx/maps/search/Branch%20Address%20State, line 2631: Error: WebGL warning: texSubImage2D: This operation requires zeroing texture data. This is slow.
1502420513882	Marionette	INFO	New connections will no longer be accepted
1502420514603	geckodriver	INFO	Listening on 127.0.0.1:53856
1502420516587	geckodriver::marionette	INFO	Starting browser C:\Program Files\Mozilla Firefox\firefox.exe with args ["-marionette"]
1502420521740	Marionette	INFO	Listening on port 53863
1502420522199	Marionette	WARN	TLS certificate errors will be ignored for this session
JavaScript warning: https://www.google.com.mx/maps/search/Farmacon%20%20J%20ortiz%20de%20Dominguez%202063%20L2%20y%203%20%20Sinaloa, line 2631: Error: WebGL warning: texSubImage2D: Texture has not been initialized prior to a partial upload, forcing the browser to clear it. This may be slow.
JavaScript warning: https://www.google.com.mx/maps/search/Farmacon%20%20J%20ortiz%20de%20Dominguez%202063%20L2%20y%203%20%20Sinaloa, line 2631: Error: WebGL warning: texSubImage2D: This operation requires zeroing texture data. This is slow.
JavaScript warning: https://www.google.com.mx/maps/search/Farmacon%20%20J%20ortiz%20de%20Dominguez%202063%20L2%20y%203%20%20Sinaloa, line 2631: Error: WebGL warning: texSubImage2D: Texture has not been initialized prior to a partial upload, forcing the browser to clear it. This may be slow.
JavaScript warning: https://www.google.com.mx/maps/search/Farmacon%20%20J%20ortiz%20de%20Dominguez%202063%20L2%20y%203%20%20Sinaloa, line 2631: Error: WebGL warning: texSubImage2D: This operation requires zeroing texture data. This is slow.
JavaScript warning: https://www.google.com.mx/maps/search/Farmacon%20%20J%20ortiz%20de%20Dominguez%202063%20L2%20y%203%20%20Sinaloa, line 2631: Error: WebGL warning: texSubImage2D: Texture has not been initialized prior to a partial upload, forcing the browser to clear it. This may be slow.
JavaScript warning: https://www.google.com.mx/maps/search/Farmacon%20%20J%20ortiz%20de%20Dominguez%202063%20L2%20y%203%20%20Sinaloa, line 2631: Error: WebGL warning: texSubImage2D: This operation requires zeroing texture data. This is slow.
JavaScript warning: https://www.google.com.mx/maps/search/Farmacon%20%20J%20ortiz%20de%20Dominguez%202063%20L2%20y%203%20%20Sinaloa, line 2631: Error: WebGL warning: texSubImage2D: Texture has not been initialized prior to a partial upload, forcing the browser to clear it. This may be slow.
JavaScript warning: https://www.google.com.mx/maps/search/Farmacon%20%20J%20ortiz%20de%20Dominguez%202063%20L2%20y%203%20%20Sinaloa, line 2631: Error: WebGL warning: texSubImage2D: This operation requires zeroing texture data. This is slow.
JavaScript warning: https://www.google.com.mx/maps/search/Farmacon%20%20J%20ortiz%20de%20Dominguez%202063%20L2%20y%203%20%20Sinaloa, line 2631: Error: WebGL warning: texSubImage2D: Texture has not been initialized prior to a partial upload, forcing the browser to clear it. This may be slow.
JavaScript warning: https://www.google.com.mx/maps/search/Farmacon%20%20J%20ortiz%20de%20Dominguez%202063%20L2%20y%203%20%20Sinaloa, line 2631: Error: WebGL warning: texSubImage2D: This operation requires zeroing texture data. This is slow.
JavaScript warning: https://www.google.com.mx/maps/search/Farmacon%20%20J%20ortiz%20de%20Dominguez%202063%20L2%20y%203%20%20Sinaloa, line 2631: Error: WebGL warning: texSubImage2D: Texture has not been initialized prior to a partial upload, forcing the browser to clear it. This may be slow.
JavaScript warning: https://www.google.com.mx/maps/search/Farmacon%20%20J%20ortiz%20de%20Dominguez%202063%20L2%20y%203%20%20Sinaloa, line 2631: Error: WebGL warning: texSubImage2D: This operation requires zeroing texture data. This is slow.
1502420625764	Marionette	INFO	Ceased listening
0.0.1:53914
1502420623977	geckodriver::marionette	INFO	Starting browser C:\Program Files\Mozilla Firefox\firefox.exe with args ["-marionette"]
1502420629128	Marionette	INFO	Listening on port 53920
1502420629568	Marionette	WARN	TLS certificate errors will be ignored for this session
JavaScript warning: https://www.google.com.mx/maps/search/Business%20name%20Branch%20Address%20State, line 2631: Error: WebGL warning: texSubImage2D: Texture has not been initialized prior to a partial upload, forcing the browser to clear it. This may be slow.
JavaScript warning: https://www.google.com.mx/maps/search/Business%20name%20Branch%20Address%20State, line 2631: Error: WebGL warning: texSubImage2D: This operation requires zeroing texture data. This is slow.
JavaScript warning: https://www.google.com.mx/maps/search/Business%20name%20Branch%20Address%20State, line 2631: Error: WebGL warning: texSubImage2D: Texture has not been initialized prior to a partial upload, forcing the browser to clear it. This may be slow.
JavaScript warning: https://www.google.com.mx/maps/search/Business%20name%20Branch%20Address%20State, line 2631: Error: WebGL warning: texSubImage2D: This operation requires zeroing texture data. This is slow.
JavaScript warning: https://www.google.com.mx/maps/search/Business%20name%20Branch%20Address%20State, line 2631: Error: WebGL warning: texSubImage2D: Texture has not been initialized prior to a partial upload, forcing the browser to clear it. This may be slow.
JavaScript warning: https://www.google.com.mx/maps/search/Business%20name%20Branch%20Address%20State, line 2631: Error: WebGL warning: texSubImage2D: This operation requires zeroing texture data. This is slow.
JavaScript warning: https://www.google.com.mx/maps/search/Business%20name%20Branch%20Address%20State, line 2631: Error: WebGL warning: texSubImage2D: Texture has not been initialized prior to a partial upload, forcing the browser to clear it. This may be slow.
JavaScript warning: https://www.google.com.mx/maps/search/Business%20name%20Branch%20Address%20State, line 2631: Error: WebGL warning: texSubImage2D: This operation requires zeroing texture data. This is slow.
JavaScript warning: https://www.google.com.mx/maps/search/Business%20name%20Branch%20Address%20State, line 2631: Error: WebGL warning: texSubImage2D: Texture has not been initialized prior to a partial upload, forcing the browser to clear it. This may be slow.
JavaScript warning: https://www.google.com.mx/maps/search/Business%20name%20Branch%20Address%20State, line 2631: Error: WebGL warning: texSubImage2D: This operation requires zeroing texture data. This is slow.
JavaScript warning: https://www.google.com.mx/maps/search/Business%20name%20Branch%20Address%20State, line 2631: Error: WebGL warning: texSubImage2D: Texture has not been initialized prior to a partial upload, forcing the browser to clear it. This may be slow.
JavaScript warning: https://www.google.com.mx/maps/search/Business%20name%20Branch%20Address%20State, line 2631: Error: WebGL warning: texSubImage2D: This operation requires zeroing texture data. This is slow.
1502420639915	Marionette	INFO	New connections will no longer be accepted
1502420640476	geckodriver	INFO	Listening on 127.0.0.1:53955
1502420642520	geckodriver::marionette	INFO	Starting browser C:\Program Files\Mozilla Firefox\firefox.exe with args ["-marionette"]
1502420645764	Marionette	INFO	Listening on port 53963
1502420646133	Marionette	WARN	TLS certificate errors will be ignored for this session
JavaScript warning: https://www.google.com.mx/maps/search/Branch%20Address%20State, line 2631: Error: WebGL warning: texSubImage2D: Texture has not been initialized prior to a partial upload, forcing the browser to clear it. This may be slow.
JavaScript warning: https://www.google.com.mx/maps/search/Branch%20Address%20State, line 2631: Error: WebGL warning: texSubImage2D: This operation requires zeroing texture data. This is slow.
JavaScript warning: https://www.google.com.mx/maps/search/Branch%20Address%20State, line 2631: Error: WebGL warning: texSubImage2D: Texture has not been initialized prior to a partial upload, forcing the browser to clear it. This may be slow.
JavaScript warning: https://www.google.com.mx/maps/search/Branch%20Address%20State, line 2631: Error: WebGL warning: texSubImage2D: This operation requires zeroing texture data. This is slow.
JavaScript warning: https://www.google.com.mx/maps/search/Branch%20Address%20State, line 2631: Error: WebGL warning: texSubImage2D: Texture has not been initialized prior to a partial upload, forcing the browser to clear it. This may be slow.
JavaScript warning: https://www.google.com.mx/maps/search/Branch%20Address%20State, line 2631: Error: WebGL warning: texSubImage2D: This operation requires zeroing texture data. This is slow.
JavaScript warning: https://www.google.com.mx/maps/search/Branch%20Address%20State, line 2631: Error: WebGL warning: texSubImage2D: Texture has not been initialized prior to a partial upload, forcing the browser to clear it. This may be slow.
JavaScript warning: https://www.google.com.mx/maps/search/Branch%20Address%20State, line 2631: Error: WebGL warning: texSubImage2D: This operation requires zeroing texture data. This is slow.
JavaScript warning: https://www.google.com.mx/maps/search/Branch%20Address%20State, line 2631: Error: WebGL warning: texSubImage2D: Texture has not been initialized prior to a partial upload, forcing the browser to clear it. This may be slow.
JavaScript warning: https://www.google.com.mx/maps/search/Branch%20Address%20State, line 2631: Error: WebGL warning: texSubImage2D: This operation requires zeroing texture data. This is slow.
JavaScript warning: https://www.google.com.mx/maps/search/Branch%20Address%20State, line 2631: Error: WebGL warning: texSubImage2D: Texture has not been initialized prior to a partial upload, forcing the browser to clear it. This may be slow.
JavaScript warning: https://www.google.com.mx/maps/search/Branch%20Address%20State, line 2631: Error: WebGL warning: texSubImage2D: This operation requires zeroing texture data. This is slow.
1502420660700	Marionette	INFO	New connections will no longer be accepted
1502420661286	geckodriver	INFO	Listening on 127.0.0.1:54003
1502420663349	geckodriver::marionette	INFO	Starting browser C:\Program Files\Mozilla Firefox\firefox.exe with args ["-marionette"]
1502420667357	Marionette	INFO	Listening on port 54009
1502420667615	Marionette	WARN	TLS certificate errors will be ignored for this session
JavaScript warning: https://www.google.com.mx/maps/search/Farmacon%20%20J%20ortiz%20de%20Dominguez%202063%20L2%20y%203%20%20Sinaloa, line 2631: Error: WebGL warning: texSubImage2D: Texture has not been initialized prior to a partial upload, forcing the browser to clear it. This may be slow.
JavaScript warning: https://www.google.com.mx/maps/search/Farmacon%20%20J%20ortiz%20de%20Dominguez%202063%20L2%20y%203%20%20Sinaloa, line 2631: Error: WebGL warning: texSubImage2D: This operation requires zeroing texture data. This is slow.
JavaScript warning: https://www.google.com.mx/maps/search/Farmacon%20%20J%20ortiz%20de%20Dominguez%202063%20L2%20y%203%20%20Sinaloa, line 2631: Error: WebGL warning: texSubImage2D: Texture has not been initialized prior to a partial upload, forcing the browser to clear it. This may be slow.
JavaScript warning: https://www.google.com.mx/maps/search/Farmacon%20%20J%20ortiz%20de%20Dominguez%202063%20L2%20y%203%20%20Sinaloa, line 2631: Error: WebGL warning: texSubImage2D: This operation requires zeroing texture data. This is slow.
JavaScript warning: https://www.google.com.mx/maps/search/Farmacon%20%20J%20ortiz%20de%20Dominguez%202063%20L2%20y%203%20%20Sinaloa, line 2631: Error: WebGL warning: texSubImage2D: Texture has not been initialized prior to a partial upload, forcing the browser to clear it. This may be slow.
JavaScript warning: https://www.google.com.mx/maps/search/Farmacon%20%20J%20ortiz%20de%20Dominguez%202063%20L2%20y%203%20%20Sinaloa, line 2631: Error: WebGL warning: texSubImage2D: This operation requires zeroing texture data. This is slow.
JavaScript warning: https://www.google.com.mx/maps/search/Farmacon%20%20J%20ortiz%20de%20Dominguez%202063%20L2%20y%203%20%20Sinaloa, line 2631: Error: WebGL warning: texSubImage2D: Texture has not been initialized prior to a partial upload, forcing the browser to clear it. This may be slow.
JavaScript warning: https://www.google.com.mx/maps/search/Farmacon%20%20J%20ortiz%20de%20Dominguez%202063%20L2%20y%203%20%20Sinaloa, line 2631: Error: WebGL warning: texSubImage2D: This operation requires zeroing texture data. This is slow.
JavaScript warning: https://www.google.com.mx/maps/search/Farmacon%20%20J%20ortiz%20de%20Dominguez%202063%20L2%20y%203%20%20Sinaloa, line 2631: Error: WebGL warning: texSubImage2D: Texture has not been initialized prior to a partial upload, forcing the browser to clear it. This may be slow.
JavaScript warning: https://www.google.com.mx/maps/search/Farmacon%20%20J%20ortiz%20de%20Dominguez%202063%20L2%20y%203%20%20Sinaloa, line 2631: Error: WebGL warning: texSubImage2D: This operation requires zeroing texture data. This is slow.
JavaScript warning: https://www.google.com.mx/maps/search/Farmacon%20%20J%20ortiz%20de%20Dominguez%202063%20L2%20y%203%20%20Sinaloa, line 2631: Error: WebGL warning: texSubImage2D: Texture has not been initialized prior to a partial upload, forcing the browser to clear it. This may be slow.
JavaScript warning: https://www.google.com.mx/maps/search/Farmacon%20%20J%20ortiz%20de%20Dominguez%202063%20L2%20y%203%20%20Sinaloa, line 2631: Error: WebGL warning: texSubImage2D: This operation requires zeroing texture data. This is slow.
1502420875601	Marionette	INFO	Ceased listening
0.0.1:54060
1502420854862	geckodriver::marionette	INFO	Starting browser C:\Program Files\Mozilla Firefox\firefox.exe with args ["-marionette"]
1502420859450	Marionette	INFO	Listening on port 54066
1502420860278	Marionette	WARN	TLS certificate errors will be ignored for this session
JavaScript warning: https://www.google.com.mx/maps/search/Business%20name%20Branch%20Address%20State, line 2631: Error: WebGL warning: texSubImage2D: Texture has not been initialized prior to a partial upload, forcing the browser to clear it. This may be slow.
JavaScript warning: https://www.google.com.mx/maps/search/Business%20name%20Branch%20Address%20State, line 2631: Error: WebGL warning: texSubImage2D: This operation requires zeroing texture data. This is slow.
JavaScript warning: https://www.google.com.mx/maps/search/Business%20name%20Branch%20Address%20State, line 2631: Error: WebGL warning: texSubImage2D: Texture has not been initialized prior to a partial upload, forcing the browser to clear it. This may be slow.
JavaScript warning: https://www.google.com.mx/maps/search/Business%20name%20Branch%20Address%20State, line 2631: Error: WebGL warning: texSubImage2D: This operation requires zeroing texture data. This is slow.
JavaScript warning: https://www.google.com.mx/maps/search/Business%20name%20Branch%20Address%20State, line 2631: Error: WebGL warning: texSubImage2D: Texture has not been initialized prior to a partial upload, forcing the browser to clear it. This may be slow.
JavaScript warning: https://www.google.com.mx/maps/search/Business%20name%20Branch%20Address%20State, line 2631: Error: WebGL warning: texSubImage2D: This operation requires zeroing texture data. This is slow.
JavaScript warning: https://www.google.com.mx/maps/search/Business%20name%20Branch%20Address%20State, line 2631: Error: WebGL warning: texSubImage2D: Texture has not been initialized prior to a partial upload, forcing the browser to clear it. This may be slow.
JavaScript warning: https://www.google.com.mx/maps/search/Business%20name%20Branch%20Address%20State, line 2631: Error: WebGL warning: texSubImage2D: This operation requires zeroing texture data. This is slow.
JavaScript warning: https://www.google.com.mx/maps/search/Business%20name%20Branch%20Address%20State, line 2631: Error: WebGL warning: texSubImage2D: Texture has not been initialized prior to a partial upload, forcing the browser to clear it. This may be slow.
JavaScript warning: https://www.google.com.mx/maps/search/Business%20name%20Branch%20Address%20State, line 2631: Error: WebGL warning: texSubImage2D: This operation requires zeroing texture data. This is slow.
JavaScript warning: https://www.google.com.mx/maps/search/Business%20name%20Branch%20Address%20State, line 2631: Error: WebGL warning: texSubImage2D: Texture has not been initialized prior to a partial upload, forcing the browser to clear it. This may be slow.
JavaScript warning: https://www.google.com.mx/maps/search/Business%20name%20Branch%20Address%20State, line 2631: Error: WebGL warning: texSubImage2D: This operation requires zeroing texture data. This is slow.
1502420871563	Marionette	INFO	New connections will no longer be accepted
1502420872252	geckodriver	INFO	Listening on 127.0.0.1:54100
1502420874196	geckodriver::marionette	INFO	Starting browser C:\Program Files\Mozilla Firefox\firefox.exe with args ["-marionette"]
1502420879028	Marionette	INFO	Listening on port 54106
1502420879702	Marionette	WARN	TLS certificate errors will be ignored for this session
JavaScript warning: https://www.google.com.mx/maps/search/Branch%20Address%20State, line 2631: Error: WebGL warning: texSubImage2D: Texture has not been initialized prior to a partial upload, forcing the browser to clear it. This may be slow.
JavaScript warning: https://www.google.com.mx/maps/search/Branch%20Address%20State, line 2631: Error: WebGL warning: texSubImage2D: This operation requires zeroing texture data. This is slow.
JavaScript warning: https://www.google.com.mx/maps/search/Branch%20Address%20State, line 2631: Error: WebGL warning: texSubImage2D: Texture has not been initialized prior to a partial upload, forcing the browser to clear it. This may be slow.
JavaScript warning: https://www.google.com.mx/maps/search/Branch%20Address%20State, line 2631: Error: WebGL warning: texSubImage2D: This operation requires zeroing texture data. This is slow.
JavaScript warning: https://www.google.com.mx/maps/search/Branch%20Address%20State, line 2631: Error: WebGL warning: texSubImage2D: Texture has not been initialized prior to a partial upload, forcing the browser to clear it. This may be slow.
JavaScript warning: https://www.google.com.mx/maps/search/Branch%20Address%20State, line 2631: Error: WebGL warning: texSubImage2D: This operation requires zeroing texture data. This is slow.
JavaScript warning: https://www.google.com.mx/maps/search/Branch%20Address%20State, line 2631: Error: WebGL warning: texSubImage2D: Texture has not been initialized prior to a partial upload, forcing the browser to clear it. This may be slow.
JavaScript warning: https://www.google.com.mx/maps/search/Branch%20Address%20State, line 2631: Error: WebGL warning: texSubImage2D: This operation requires zeroing texture data. This is slow.
JavaScript warning: https://www.google.com.mx/maps/search/Branch%20Address%20State, line 2631: Error: WebGL warning: texSubImage2D: Texture has not been initialized prior to a partial upload, forcing the browser to clear it. This may be slow.
JavaScript warning: https://www.google.com.mx/maps/search/Branch%20Address%20State, line 2631: Error: WebGL warning: texSubImage2D: This operation requires zeroing texture data. This is slow.
JavaScript warning: https://www.google.com.mx/maps/search/Branch%20Address%20State, line 2631: Error: WebGL warning: texSubImage2D: Texture has not been initialized prior to a partial upload, forcing the browser to clear it. This may be slow.
JavaScript warning: https://www.google.com.mx/maps/search/Branch%20Address%20State, line 2631: Error: WebGL warning: texSubImage2D: This operation requires zeroing texture data. This is slow.
1502420894079	Marionette	INFO	New connections will no longer be accepted
1502420894862	geckodriver	INFO	Listening on 127.0.0.1:54150
1502420896915	geckodriver::marionette	INFO	Starting browser C:\Program Files\Mozilla Firefox\firefox.exe with args ["-marionette"]
1502420900828	Marionette	INFO	Listening on port 54156
1502420901367	Marionette	WARN	TLS certificate errors will be ignored for this session
JavaScript warning: https://www.google.com.mx/maps/search/Farmacon%20%20J%20ortiz%20de%20Dominguez%202063%20L2%20y%203%20%20Sinaloa, line 2631: Error: WebGL warning: texSubImage2D: Texture has not been initialized prior to a partial upload, forcing the browser to clear it. This may be slow.
JavaScript warning: https://www.google.com.mx/maps/search/Farmacon%20%20J%20ortiz%20de%20Dominguez%202063%20L2%20y%203%20%20Sinaloa, line 2631: Error: WebGL warning: texSubImage2D: This operation requires zeroing texture data. This is slow.
JavaScript warning: https://www.google.com.mx/maps/search/Farmacon%20%20J%20ortiz%20de%20Dominguez%202063%20L2%20y%203%20%20Sinaloa, line 2631: Error: WebGL warning: texSubImage2D: Texture has not been initialized prior to a partial upload, forcing the browser to clear it. This may be slow.
JavaScript warning: https://www.google.com.mx/maps/search/Farmacon%20%20J%20ortiz%20de%20Dominguez%202063%20L2%20y%203%20%20Sinaloa, line 2631: Error: WebGL warning: texSubImage2D: This operation requires zeroing texture data. This is slow.
JavaScript warning: https://www.google.com.mx/maps/search/Farmacon%20%20J%20ortiz%20de%20Dominguez%202063%20L2%20y%203%20%20Sinaloa, line 2631: Error: WebGL warning: texSubImage2D: Texture has not been initialized prior to a partial upload, forcing the browser to clear it. This may be slow.
JavaScript warning: https://www.google.com.mx/maps/search/Farmacon%20%20J%20ortiz%20de%20Dominguez%202063%20L2%20y%203%20%20Sinaloa, line 2631: Error: WebGL warning: texSubImage2D: This operation requires zeroing texture data. This is slow.
JavaScript warning: https://www.google.com.mx/maps/search/Farmacon%20%20J%20ortiz%20de%20Dominguez%202063%20L2%20y%203%20%20Sinaloa, line 2631: Error: WebGL warning: texSubImage2D: Texture has not been initialized prior to a partial upload, forcing the browser to clear it. This may be slow.
JavaScript warning: https://www.google.com.mx/maps/search/Farmacon%20%20J%20ortiz%20de%20Dominguez%202063%20L2%20y%203%20%20Sinaloa, line 2631: Error: WebGL warning: texSubImage2D: This operation requires zeroing texture data. This is slow.
JavaScript warning: https://www.google.com.mx/maps/search/Farmacon%20%20J%20ortiz%20de%20Dominguez%202063%20L2%20y%203%20%20Sinaloa, line 2631: Error: WebGL warning: texSubImage2D: Texture has not been initialized prior to a partial upload, forcing the browser to clear it. This may be slow.
JavaScript warning: https://www.google.com.mx/maps/search/Farmacon%20%20J%20ortiz%20de%20Dominguez%202063%20L2%20y%203%20%20Sinaloa, line 2631: Error: WebGL warning: texSubImage2D: This operation requires zeroing texture data. This is slow.
JavaScript warning: https://www.google.com.mx/maps/search/Farmacon%20%20J%20ortiz%20de%20Dominguez%202063%20L2%20y%203%20%20Sinaloa, line 2631: Error: WebGL warning: texSubImage2D: Texture has not been initialized prior to a partial upload, forcing the browser to clear it. This may be slow.
JavaScript warning: https://www.google.com.mx/maps/search/Farmacon%20%20J%20ortiz%20de%20Dominguez%202063%20L2%20y%203%20%20Sinaloa, line 2631: Error: WebGL warning: texSubImage2D: This operation requires zeroing texture data. This is slow.
1502421227455	Marionette	INFO	Ceased listening
0.0.1:54227
1502421069892	geckodriver::marionette	INFO	Starting browser C:\Program Files\Mozilla Firefox\firefox.exe with args ["-marionette"]
1502421073682	Marionette	INFO	Listening on port 54233
1502421074203	Marionette	WARN	TLS certificate errors will be ignored for this session
JavaScript warning: https://www.google.com.mx/maps/search/Business%20name%20Branch%20Address%20State, line 2631: Error: WebGL warning: texSubImage2D: Texture has not been initialized prior to a partial upload, forcing the browser to clear it. This may be slow.
JavaScript warning: https://www.google.com.mx/maps/search/Business%20name%20Branch%20Address%20State, line 2631: Error: WebGL warning: texSubImage2D: This operation requires zeroing texture data. This is slow.
JavaScript warning: https://www.google.com.mx/maps/search/Business%20name%20Branch%20Address%20State, line 2631: Error: WebGL warning: texSubImage2D: Texture has not been initialized prior to a partial upload, forcing the browser to clear it. This may be slow.
JavaScript warning: https://www.google.com.mx/maps/search/Business%20name%20Branch%20Address%20State, line 2631: Error: WebGL warning: texSubImage2D: This operation requires zeroing texture data. This is slow.
JavaScript warning: https://www.google.com.mx/maps/search/Business%20name%20Branch%20Address%20State, line 2631: Error: WebGL warning: texSubImage2D: Texture has not been initialized prior to a partial upload, forcing the browser to clear it. This may be slow.
JavaScript warning: https://www.google.com.mx/maps/search/Business%20name%20Branch%20Address%20State, line 2631: Error: WebGL warning: texSubImage2D: This operation requires zeroing texture data. This is slow.
JavaScript warning: https://www.google.com.mx/maps/search/Business%20name%20Branch%20Address%20State, line 2631: Error: WebGL warning: texSubImage2D: Texture has not been initialized prior to a partial upload, forcing the browser to clear it. This may be slow.
JavaScript warning: https://www.google.com.mx/maps/search/Business%20name%20Branch%20Address%20State, line 2631: Error: WebGL warning: texSubImage2D: This operation requires zeroing texture data. This is slow.
JavaScript warning: https://www.google.com.mx/maps/search/Business%20name%20Branch%20Address%20State, line 2631: Error: WebGL warning: texSubImage2D: Texture has not been initialized prior to a partial upload, forcing the browser to clear it. This may be slow.
JavaScript warning: https://www.google.com.mx/maps/search/Business%20name%20Branch%20Address%20State, line 2631: Error: WebGL warning: texSubImage2D: This operation requires zeroing texture data. This is slow.
JavaScript warning: https://www.google.com.mx/maps/search/Business%20name%20Branch%20Address%20State, line 2631: Error: WebGL warning: texSubImage2D: Texture has not been initialized prior to a partial upload, forcing the browser to clear it. This may be slow.
JavaScript warning: https://www.google.com.mx/maps/search/Business%20name%20Branch%20Address%20State, line 2631: Error: WebGL warning: texSubImage2D: This operation requires zeroing texture data. This is slow.
1502421085056	Marionette	INFO	New connections will no longer be accepted
1502421085696	geckodriver	INFO	Listening on 127.0.0.1:54271
1502421087748	geckodriver::marionette	INFO	Starting browser C:\Program Files\Mozilla Firefox\firefox.exe with args ["-marionette"]
JavaScript error: resource://gre/components/SanityTest.js, line 65: NS_ERROR_FILE_ACCESS_DENIED: Component returned failure code: 0x80520015 (NS_ERROR_FILE_ACCESS_DENIED) [nsIPrefService.savePrefFile]
1502421151020	geckodriver	INFO	Listening on 127.0.0.1:54365
1502421153087	geckodriver::marionette	INFO	Starting browser C:\Program Files\Mozilla Firefox\firefox.exe with args ["-marionette"]
1502421157058	Marionette	INFO	Listening on port 54373
1502421157520	Marionette	WARN	TLS certificate errors will be ignored for this session
JavaScript warning: https://www.google.com.mx/maps/search/Business%20name%20Branch%20Address%20State, line 2631: Error: WebGL warning: texSubImage2D: Texture has not been initialized prior to a partial upload, forcing the browser to clear it. This may be slow.
JavaScript warning: https://www.google.com.mx/maps/search/Business%20name%20Branch%20Address%20State, line 2631: Error: WebGL warning: texSubImage2D: This operation requires zeroing texture data. This is slow.
JavaScript warning: https://www.google.com.mx/maps/search/Business%20name%20Branch%20Address%20State, line 2631: Error: WebGL warning: texSubImage2D: Texture has not been initialized prior to a partial upload, forcing the browser to clear it. This may be slow.
JavaScript warning: https://www.google.com.mx/maps/search/Business%20name%20Branch%20Address%20State, line 2631: Error: WebGL warning: texSubImage2D: This operation requires zeroing texture data. This is slow.
JavaScript warning: https://www.google.com.mx/maps/search/Business%20name%20Branch%20Address%20State, line 2631: Error: WebGL warning: texSubImage2D: Texture has not been initialized prior to a partial upload, forcing the browser to clear it. This may be slow.
JavaScript warning: https://www.google.com.mx/maps/search/Business%20name%20Branch%20Address%20State, line 2631: Error: WebGL warning: texSubImage2D: This operation requires zeroing texture data. This is slow.
JavaScript warning: https://www.google.com.mx/maps/search/Business%20name%20Branch%20Address%20State, line 2631: Error: WebGL warning: texSubImage2D: Texture has not been initialized prior to a partial upload, forcing the browser to clear it. This may be slow.
JavaScript warning: https://www.google.com.mx/maps/search/Business%20name%20Branch%20Address%20State, line 2631: Error: WebGL warning: texSubImage2D: This operation requires zeroing texture data. This is slow.
JavaScript warning: https://www.google.com.mx/maps/search/Business%20name%20Branch%20Address%20State, line 2631: Error: WebGL warning: texSubImage2D: Texture has not been initialized prior to a partial upload, forcing the browser to clear it. This may be slow.
JavaScript warning: https://www.google.com.mx/maps/search/Business%20name%20Branch%20Address%20State, line 2631: Error: WebGL warning: texSubImage2D: This operation requires zeroing texture data. This is slow.
JavaScript warning: https://www.google.com.mx/maps/search/Business%20name%20Branch%20Address%20State, line 2631: Error: WebGL warning: texSubImage2D: Texture has not been initialized prior to a partial upload, forcing the browser to clear it. This may be slow.
JavaScript warning: https://www.google.com.mx/maps/search/Business%20name%20Branch%20Address%20State, line 2631: Error: WebGL warning: texSubImage2D: This operation requires zeroing texture data. This is slow.
1502421167881	Marionette	INFO	New connections will no longer be accepted
1502421168413	geckodriver	INFO	Listening on 127.0.0.1:54409
1502421170570	geckodriver::marionette	INFO	Starting browser C:\Program Files\Mozilla Firefox\firefox.exe with args ["-marionette"]
1502421175209	Marionette	INFO	Listening on port 54415
1502421175787	Marionette	WARN	TLS certificate errors will be ignored for this session
JavaScript warning: https://www.google.com.mx/maps/search/Branch%20Address%20State, line 2631: Error: WebGL warning: texSubImage2D: Texture has not been initialized prior to a partial upload, forcing the browser to clear it. This may be slow.
JavaScript warning: https://www.google.com.mx/maps/search/Branch%20Address%20State, line 2631: Error: WebGL warning: texSubImage2D: This operation requires zeroing texture data. This is slow.
JavaScript warning: https://www.google.com.mx/maps/search/Branch%20Address%20State, line 2631: Error: WebGL warning: texSubImage2D: Texture has not been initialized prior to a partial upload, forcing the browser to clear it. This may be slow.
JavaScript warning: https://www.google.com.mx/maps/search/Branch%20Address%20State, line 2631: Error: WebGL warning: texSubImage2D: This operation requires zeroing texture data. This is slow.
JavaScript warning: https://www.google.com.mx/maps/search/Branch%20Address%20State, line 2631: Error: WebGL warning: texSubImage2D: Texture has not been initialized prior to a partial upload, forcing the browser to clear it. This may be slow.
JavaScript warning: https://www.google.com.mx/maps/search/Branch%20Address%20State, line 2631: Error: WebGL warning: texSubImage2D: This operation requires zeroing texture data. This is slow.
JavaScript warning: https://www.google.com.mx/maps/search/Branch%20Address%20State, line 2631: Error: WebGL warning: texSubImage2D: Texture has not been initialized prior to a partial upload, forcing the browser to clear it. This may be slow.
JavaScript warning: https://www.google.com.mx/maps/search/Branch%20Address%20State, line 2631: Error: WebGL warning: texSubImage2D: This operation requires zeroing texture data. This is slow.
JavaScript warning: https://www.google.com.mx/maps/search/Branch%20Address%20State, line 2631: Error: WebGL warning: texSubImage2D: Texture has not been initialized prior to a partial upload, forcing the browser to clear it. This may be slow.
JavaScript warning: https://www.google.com.mx/maps/search/Branch%20Address%20State, line 2631: Error: WebGL warning: texSubImage2D: This operation requires zeroing texture data. This is slow.
JavaScript warning: https://www.google.com.mx/maps/search/Branch%20Address%20State, line 2631: Error: WebGL warning: texSubImage2D: Texture has not been initialized prior to a partial upload, forcing the browser to clear it. This may be slow.
JavaScript warning: https://www.google.com.mx/maps/search/Branch%20Address%20State, line 2631: Error: WebGL warning: texSubImage2D: This operation requires zeroing texture data. This is slow.
1502421189468	Marionette	INFO	New connections will no longer be accepted
1502421190027	geckodriver	INFO	Listening on 127.0.0.1:54458
1502421192082	geckodriver::marionette	INFO	Starting browser C:\Program Files\Mozilla Firefox\firefox.exe with args ["-marionette"]
1502421196409	Marionette	INFO	Listening on port 54464
1502421197311	Marionette	WARN	TLS certificate errors will be ignored for this session
JavaScript warning: https://www.google.com.mx/maps/search/Farmacon%20%20J%20ortiz%20de%20Dominguez%202063%20L2%20y%203%20%20Sinaloa, line 2563: Error: WebGL warning: texSubImage2D: Texture has not been initialized prior to a partial upload, forcing the browser to clear it. This may be slow.
JavaScript warning: https://www.google.com.mx/maps/search/Farmacon%20%20J%20ortiz%20de%20Dominguez%202063%20L2%20y%203%20%20Sinaloa, line 2563: Error: WebGL warning: texSubImage2D: This operation requires zeroing texture data. This is slow.
JavaScript warning: https://www.google.com.mx/maps/search/Farmacon%20%20J%20ortiz%20de%20Dominguez%202063%20L2%20y%203%20%20Sinaloa, line 2563: Error: WebGL warning: texSubImage2D: Texture has not been initialized prior to a partial upload, forcing the browser to clear it. This may be slow.
JavaScript warning: https://www.google.com.mx/maps/search/Farmacon%20%20J%20ortiz%20de%20Dominguez%202063%20L2%20y%203%20%20Sinaloa, line 2563: Error: WebGL warning: texSubImage2D: This operation requires zeroing texture data. This is slow.
JavaScript warning: https://www.google.com.mx/maps/search/Farmacon%20%20J%20ortiz%20de%20Dominguez%202063%20L2%20y%203%20%20Sinaloa, line 2563: Error: WebGL warning: texSubImage2D: Texture has not been initialized prior to a partial upload, forcing the browser to clear it. This may be slow.
JavaScript warning: https://www.google.com.mx/maps/search/Farmacon%20%20J%20ortiz%20de%20Dominguez%202063%20L2%20y%203%20%20Sinaloa, line 2563: Error: WebGL warning: texSubImage2D: This operation requires zeroing texture data. This is slow.
JavaScript warning: https://www.google.com.mx/maps/search/Farmacon%20%20J%20ortiz%20de%20Dominguez%202063%20L2%20y%203%20%20Sinaloa, line 2563: Error: WebGL warning: texSubImage2D: Texture has not been initialized prior to a partial upload, forcing the browser to clear it. This may be slow.
JavaScript warning: https://www.google.com.mx/maps/search/Farmacon%20%20J%20ortiz%20de%20Dominguez%202063%20L2%20y%203%20%20Sinaloa, line 2563: Error: WebGL warning: texSubImage2D: This operation requires zeroing texture data. This is slow.
JavaScript warning: https://www.google.com.mx/maps/search/Farmacon%20%20J%20ortiz%20de%20Dominguez%202063%20L2%20y%203%20%20Sinaloa, line 2563: Error: WebGL warning: texSubImage2D: Texture has not been initialized prior to a partial upload, forcing the browser to clear it. This may be slow.
JavaScript warning: https://www.google.com.mx/maps/search/Farmacon%20%20J%20ortiz%20de%20Dominguez%202063%20L2%20y%203%20%20Sinaloa, line 2563: Error: WebGL warning: texSubImage2D: This operation requires zeroing texture data. This is slow.
JavaScript warning: https://www.google.com.mx/maps/search/Farmacon%20%20J%20ortiz%20de%20Dominguez%202063%20L2%20y%203%20%20Sinaloa, line 2563: Error: WebGL warning: texSubImage2D: Texture has not been initialized prior to a partial upload, forcing the browser to clear it. This may be slow.
JavaScript warning: https://www.google.com.mx/maps/search/Farmacon%20%20J%20ortiz%20de%20Dominguez%202063%20L2%20y%203%20%20Sinaloa, line 2563: Error: WebGL warning: texSubImage2D: This operation requires zeroing texture data. This is slow.
*************************
A coding exception was thrown and uncaught in a Task.

Full message: TypeError: NetworkError when attempting to fetch resource.
Full stack: 
*************************
1502422421562	Marionette	INFO	Ceased listening
502421322736	Marionette	WARN	TLS certificate errors will be ignored for this session
JavaScript warning: https://www.google.com.mx/maps/search/Business%20name%20Branch%20Address%20State, line 2631: Error: WebGL warning: texSubImage2D: Texture has not been initialized prior to a partial upload, forcing the browser to clear it. This may be slow.
JavaScript warning: https://www.google.com.mx/maps/search/Business%20name%20Branch%20Address%20State, line 2631: Error: WebGL warning: texSubImage2D: This operation requires zeroing texture data. This is slow.
JavaScript warning: https://www.google.com.mx/maps/search/Business%20name%20Branch%20Address%20State, line 2631: Error: WebGL warning: texSubImage2D: Texture has not been initialized prior to a partial upload, forcing the browser to clear it. This may be slow.
JavaScript warning: https://www.google.com.mx/maps/search/Business%20name%20Branch%20Address%20State, line 2631: Error: WebGL warning: texSubImage2D: This operation requires zeroing texture data. This is slow.
JavaScript warning: https://www.google.com.mx/maps/search/Business%20name%20Branch%20Address%20State, line 2631: Error: WebGL warning: texSubImage2D: Texture has not been initialized prior to a partial upload, forcing the browser to clear it. This may be slow.
JavaScript warning: https://www.google.com.mx/maps/search/Business%20name%20Branch%20Address%20State, line 2631: Error: WebGL warning: texSubImage2D: This operation requires zeroing texture data. This is slow.
JavaScript warning: https://www.google.com.mx/maps/search/Business%20name%20Branch%20Address%20State, line 2631: Error: WebGL warning: texSubImage2D: Texture has not been initialized prior to a partial upload, forcing the browser to clear it. This may be slow.
JavaScript warning: https://www.google.com.mx/maps/search/Business%20name%20Branch%20Address%20State, line 2631: Error: WebGL warning: texSubImage2D: This operation requires zeroing texture data. This is slow.
JavaScript warning: https://www.google.com.mx/maps/search/Business%20name%20Branch%20Address%20State, line 2631: Error: WebGL warning: texSubImage2D: Texture has not been initialized prior to a partial upload, forcing the browser to clear it. This may be slow.
JavaScript warning: https://www.google.com.mx/maps/search/Business%20name%20Branch%20Address%20State, line 2631: Error: WebGL warning: texSubImage2D: This operation requires zeroing texture data. This is slow.
JavaScript warning: https://www.google.com.mx/maps/search/Business%20name%20Branch%20Address%20State, line 2631: Error: WebGL warning: texSubImage2D: Texture has not been initialized prior to a partial upload, forcing the browser to clear it. This may be slow.
JavaScript warning: https://www.google.com.mx/maps/search/Business%20name%20Branch%20Address%20State, line 2631: Error: WebGL warning: texSubImage2D: This operation requires zeroing texture data. This is slow.
1502421333469	Marionette	INFO	New connections will no longer be accepted
1502421334167	geckodriver	INFO	Listening on 127.0.0.1:54557
1502421336210	geckodriver::marionette	INFO	Starting browser C:\Program Files\Mozilla Firefox\firefox.exe with args ["-marionette"]
1502421339864	Marionette	INFO	Listening on port 54563
1502421340401	Marionette	WARN	TLS certificate errors will be ignored for this session
JavaScript warning: https://www.google.com.mx/maps/search/Branch%20Address%20State, line 2631: Error: WebGL warning: texSubImage2D: Texture has not been initialized prior to a partial upload, forcing the browser to clear it. This may be slow.
JavaScript warning: https://www.google.com.mx/maps/search/Branch%20Address%20State, line 2631: Error: WebGL warning: texSubImage2D: This operation requires zeroing texture data. This is slow.
JavaScript warning: https://www.google.com.mx/maps/search/Branch%20Address%20State, line 2631: Error: WebGL warning: texSubImage2D: Texture has not been initialized prior to a partial upload, forcing the browser to clear it. This may be slow.
JavaScript warning: https://www.google.com.mx/maps/search/Branch%20Address%20State, line 2631: Error: WebGL warning: texSubImage2D: This operation requires zeroing texture data. This is slow.
JavaScript warning: https://www.google.com.mx/maps/search/Branch%20Address%20State, line 2631: Error: WebGL warning: texSubImage2D: Texture has not been initialized prior to a partial upload, forcing the browser to clear it. This may be slow.
JavaScript warning: https://www.google.com.mx/maps/search/Branch%20Address%20State, line 2631: Error: WebGL warning: texSubImage2D: This operation requires zeroing texture data. This is slow.
JavaScript warning: https://www.google.com.mx/maps/search/Branch%20Address%20State, line 2631: Error: WebGL warning: texSubImage2D: Texture has not been initialized prior to a partial upload, forcing the browser to clear it. This may be slow.
JavaScript warning: https://www.google.com.mx/maps/search/Branch%20Address%20State, line 2631: Error: WebGL warning: texSubImage2D: This operation requires zeroing texture data. This is slow.
JavaScript warning: https://www.google.com.mx/maps/search/Branch%20Address%20State, line 2631: Error: WebGL warning: texSubImage2D: Texture has not been initialized prior to a partial upload, forcing the browser to clear it. This may be slow.
JavaScript warning: https://www.google.com.mx/maps/search/Branch%20Address%20State, line 2631: Error: WebGL warning: texSubImage2D: This operation requires zeroing texture data. This is slow.
JavaScript warning: https://www.google.com.mx/maps/search/Branch%20Address%20State, line 2631: Error: WebGL warning: texSubImage2D: Texture has not been initialized prior to a partial upload, forcing the browser to clear it. This may be slow.
JavaScript warning: https://www.google.com.mx/maps/search/Branch%20Address%20State, line 2631: Error: WebGL warning: texSubImage2D: This operation requires zeroing texture data. This is slow.
1502421354512	Marionette	INFO	New connections will no longer be accepted
1502421355070	geckodriver	INFO	Listening on 127.0.0.1:54605
1502421357115	geckodriver::marionette	INFO	Starting browser C:\Program Files\Mozilla Firefox\firefox.exe with args ["-marionette"]
1502421361353	Marionette	INFO	Listening on port 54611
1502421362339	Marionette	WARN	TLS certificate errors will be ignored for this session
JavaScript warning: https://www.google.com.mx/maps/search/Farmacon%20%20J%20ortiz%20de%20Dominguez%202063%20L2%20y%203%20%20Sinaloa, line 2631: Error: WebGL warning: texSubImage2D: Texture has not been initialized prior to a partial upload, forcing the browser to clear it. This may be slow.
JavaScript warning: https://www.google.com.mx/maps/search/Farmacon%20%20J%20ortiz%20de%20Dominguez%202063%20L2%20y%203%20%20Sinaloa, line 2631: Error: WebGL warning: texSubImage2D: This operation requires zeroing texture data. This is slow.
JavaScript warning: https://www.google.com.mx/maps/search/Farmacon%20%20J%20ortiz%20de%20Dominguez%202063%20L2%20y%203%20%20Sinaloa, line 2631: Error: WebGL warning: texSubImage2D: Texture has not been initialized prior to a partial upload, forcing the browser to clear it. This may be slow.
JavaScript warning: https://www.google.com.mx/maps/search/Farmacon%20%20J%20ortiz%20de%20Dominguez%202063%20L2%20y%203%20%20Sinaloa, line 2631: Error: WebGL warning: texSubImage2D: This operation requires zeroing texture data. This is slow.
JavaScript warning: https://www.google.com.mx/maps/search/Farmacon%20%20J%20ortiz%20de%20Dominguez%202063%20L2%20y%203%20%20Sinaloa, line 2631: Error: WebGL warning: texSubImage2D: Texture has not been initialized prior to a partial upload, forcing the browser to clear it. This may be slow.
JavaScript warning: https://www.google.com.mx/maps/search/Farmacon%20%20J%20ortiz%20de%20Dominguez%202063%20L2%20y%203%20%20Sinaloa, line 2631: Error: WebGL warning: texSubImage2D: This operation requires zeroing texture data. This is slow.
JavaScript warning: https://www.google.com.mx/maps/search/Farmacon%20%20J%20ortiz%20de%20Dominguez%202063%20L2%20y%203%20%20Sinaloa, line 2631: Error: WebGL warning: texSubImage2D: Texture has not been initialized prior to a partial upload, forcing the browser to clear it. This may be slow.
JavaScript warning: https://www.google.com.mx/maps/search/Farmacon%20%20J%20ortiz%20de%20Dominguez%202063%20L2%20y%203%20%20Sinaloa, line 2631: Error: WebGL warning: texSubImage2D: This operation requires zeroing texture data. This is slow.
JavaScript warning: https://www.google.com.mx/maps/search/Farmacon%20%20J%20ortiz%20de%20Dominguez%202063%20L2%20y%203%20%20Sinaloa, line 2631: Error: WebGL warning: texSubImage2D: Texture has not been initialized prior to a partial upload, forcing the browser to clear it. This may be slow.
JavaScript warning: https://www.google.com.mx/maps/search/Farmacon%20%20J%20ortiz%20de%20Dominguez%202063%20L2%20y%203%20%20Sinaloa, line 2631: Error: WebGL warning: texSubImage2D: This operation requires zeroing texture data. This is slow.
JavaScript warning: https://www.google.com.mx/maps/search/Farmacon%20%20J%20ortiz%20de%20Dominguez%202063%20L2%20y%203%20%20Sinaloa, line 2631: Error: WebGL warning: texSubImage2D: Texture has not been initialized prior to a partial upload, forcing the browser to clear it. This may be slow.
JavaScript warning: https://www.google.com.mx/maps/search/Farmacon%20%20J%20ortiz%20de%20Dominguez%202063%20L2%20y%203%20%20Sinaloa, line 2631: Error: WebGL warning: texSubImage2D: This operation requires zeroing texture data. This is slow.
1502421371567	Marionette	INFO	New connections will no longer be accepted
1505968478460	geckodriver	INFO	Listening on 127.0.0.1:49930
1505968480499	geckodriver::marionette	INFO	Starting browser C:\Program Files\Mozilla Firefox\firefox.exe with args ["-marionette"]
1505968480716	addons.xpi	WARN	Error parsing extensions state: [Exception... "Component returned failure code: 0x80520012 (NS_ERROR_FILE_NOT_FOUND) [amIAddonManagerStartup.readStartupData]"  nsresult: "0x80520012 (NS_ERROR_FILE_NOT_FOUND)"  location: "JS frame :: resource://gre/modules/addons/XPIProvider.jsm :: loadExtensionState :: line 1596"  data: no] Stack trace: loadExtensionState()@resource://gre/modules/addons/XPIProvider.jsm:1596 < getInstallState()@resource://gre/modules/addons/XPIProvider.jsm:1631 < checkForChanges()@resource://gre/modules/addons/XPIProvider.jsm:3152 < startup()@resource://gre/modules/addons/XPIProvider.jsm:2246 < callProvider()@resource://gre/modules/AddonManager.jsm:271 < _startProvider()@resource://gre/modules/AddonManager.jsm:741 < startup()@resource://gre/modules/AddonManager.jsm:908 < startup()@resource://gre/modules/AddonManager.jsm:3122 < observe()@jar:file:///C:/Program%20Files/Mozilla%20Firefox/omni.ja!/components/addonManager.js:65
1505968481374	Marionette	INFO	Enabled via --marionette
Unable to read VR Path Registry from C:\Users\Admin\AppData\Local\openvr\openvrpaths.vrpath
[GPU 7252] WARNING: pipe error: 109: file c:/builds/moz2_slave/m-rel-w64-00000000000000000000/build/src/ipc/chromium/src/chrome/common/ipc_channel_win.cc, line 346
1505968484599	Marionette	INFO	Listening on port 49936
1505968484643	Marionette	INFO	Listening on port 49936
1505968484816	Marionette	WARN	TLS certificate errors will be ignored for this session
1505968484844	Marionette	DEBUG	loaded listener.js
1505968484896	Marionette	DEBUG	Received DOM event "beforeunload" for "about:blank"
Unable to read VR Path Registry from C:\Users\Admin\AppData\Local\openvr\openvrpaths.vrpath
JavaScript error: , line 0: TypeError: NetworkError when attempting to fetch resource.
1505968496468	addons.productaddons	WARN	Failed downloading XML, status: 0, reason: error
1505968496909	Marionette	DEBUG	Received DOM event "beforeunload" for "about:blank"
1505968496910	Marionette	DEBUG	Received DOM event "pagehide" for "about:blank"
1505968496910	Marionette	DEBUG	Received DOM event "unload" for "about:blank"
1505968496938	Marionette	DEBUG	Received DOM event "DOMContentLoaded" for "about:neterror?e=dnsNotFound&u=https%3A//www.google.com.mx/maps/search/Business%2520name%2520Branch%2520Address%2520State&c=UTF-8&f=regular&d=Firefox%20can%E2%80%99t%20find%20the%20server%20at%20www.google.com.mx."
1505968508477	addons.productaddons	WARN	Failed downloading via XHR, status: 0, reason: error
[GPU 7252] WARNING: pipe error: 109: file c:/builds/moz2_slave/m-rel-w64-00000000000000000000/build/src/ipc/chromium/src/chrome/common/ipc_channel_win.cc, line 346
[GPU 7252] WARNING: pipe error: 109: file c:/builds/moz2_slave/m-rel-w64-00000000000000000000/build/src/ipc/chromium/src/chrome/common/ipc_channel_win.cc, line 346
[GPU 7252] WARNING: pipe error: 109: file c:/builds/moz2_slave/m-rel-w64-00000000000000000000/build/src/ipc/chromium/src/chrome/common/ipc_channel_win.cc, line 346
1505968514371	addons.productaddons	WARN	Failed downloading via XHR, status: 0, reason: error
Unable to read VR Path Registry from C:\Users\Admin\AppData\Local\openvr\openvrpaths.vrpath
[Child 8984] WARNING: pipe error: 109: file c:/builds/moz2_slave/m-rel-w64-00000000000000000000/build/src/ipc/chromium/src/chrome/common/ipc_channel_win.cc, line 346

###!!! [Child][MessageChannel::SendAndWait] Error: Channel error: cannot send/recv

